<?xml version="1.0" encoding="UTF-8"?>
<!-- Generated by org.testng.reporters.JUnitXMLReporter -->
<testsuite ignored="0" hostname="DESKTOP-J58RQGC" failures="0" tests="3" name="Login" time="35.165" errors="0" timestamp="2023-10-02T07:56:21 IST">
  <testcase classname="orangehrm.Login" name="@BeforeMethod setUp" time="35.088">
    <failure type="java.lang.NullPointerException" message="Cannot invoke &amp;quot;java.util.Properties.getProperty(String)&amp;quot; because &amp;quot;this.properties&amp;quot; is null">
      <![CDATA[java.lang.NullPointerException: Cannot invoke "java.util.Properties.getProperty(String)" because "this.properties" is null
at orangehrm.Login.setUp(Login.java:41)
at java.base/java.util.ArrayList.forEach(ArrayList.java:1511)
... Removed 31 stack frames]]>
    </failure>
  </testcase> <!-- @BeforeMethod setUp -->
  <testcase classname="orangehrm.Login" name="@AfterMethod tearDown" time="-1.696213581025E9">
    <skipped/>
  </testcase> <!-- @AfterMethod tearDown -->
  <testcase classname="orangehrm.Login" name="@BeforeMethod setUp" time="-1.696213581028E9">
    <skipped/>
  </testcase> <!-- @BeforeMethod setUp -->
  <testcase classname="orangehrm.Login" name="@AfterMethod tearDown" time="-1.696213581033E9">
    <skipped/>
  </testcase> <!-- @AfterMethod tearDown -->
  <testcase classname="orangehrm.Login" name="@BeforeMethod setUp" time="-1.696213581034E9">
    <skipped/>
  </testcase> <!-- @BeforeMethod setUp -->
  <testcase classname="orangehrm.Login" name="@AfterMethod tearDown" time="-1.696213581038E9">
    <skipped/>
  </testcase> <!-- @AfterMethod tearDown -->
  <testcase classname="orangehrm.Login" name="loginWithValidCredentials" time="0.0">
    <skipped/>
  </testcase> <!-- loginWithValidCredentials -->
  <testcase classname="orangehrm.Login" name="LoginWithInvalidCredentials" time="0.0">
    <skipped/>
  </testcase> <!-- LoginWithInvalidCredentials -->
  <testcase classname="orangehrm.Login" name="loginWithEmptyFields" time="0.0">
    <skipped/>
  </testcase> <!-- loginWithEmptyFields -->
</testsuite> <!-- Login -->
