<?xml version="1.0" encoding="UTF-8"?>
<!-- Generated by org.testng.reporters.JUnitXMLReporter -->
<testsuite ignored="0" hostname="DESKTOP-J58RQGC" failures="0" tests="1" name="Logout" time="20.01" errors="0" timestamp="2023-10-02T07:56:45 IST">
  <testcase classname="orangehrm.Logout" name="@BeforeTest setUp" time="20.003">
    <failure type="java.lang.NullPointerException" message="Cannot invoke &amp;quot;java.util.Properties.getProperty(String)&amp;quot; because &amp;quot;this.properties&amp;quot; is null">
      <![CDATA[java.lang.NullPointerException: Cannot invoke "java.util.Properties.getProperty(String)" because "this.properties" is null
at orangehrm.Logout.setUp(Logout.java:42)
... Removed 24 stack frames]]>
    </failure>
  </testcase> <!-- @BeforeTest setUp -->
  <testcase classname="orangehrm.Logout" name="@BeforeMethod loginWithValidCredentials" time="-1.69621360545E9">
    <skipped/>
  </testcase> <!-- @BeforeMethod loginWithValidCredentials -->
  <testcase classname="orangehrm.Logout" name="@AfterTest tearDown" time="-1.696213605453E9">
    <skipped/>
  </testcase> <!-- @AfterTest tearDown -->
  <testcase classname="orangehrm.Logout" name="logOut" time="0.0">
    <skipped/>
  </testcase> <!-- logOut -->
</testsuite> <!-- Logout -->
