<?xml version="1.0" encoding="UTF-8"?>
<!-- Generated by org.testng.reporters.JUnitXMLReporter -->
<testsuite ignored="0" hostname="DESKTOP-J58RQGC" failures="0" tests="4" name="Reports" time="4.194" errors="0" timestamp="2023-10-02T07:56:25 IST">
  <testcase classname="orangehrm.Reports" name="@BeforeTest setUp" time="4.157">
    <failure type="java.lang.NullPointerException" message="Cannot invoke &amp;quot;java.util.Properties.getProperty(String)&amp;quot; because &amp;quot;this.properties&amp;quot; is null">
      <![CDATA[java.lang.NullPointerException: Cannot invoke "java.util.Properties.getProperty(String)" because "this.properties" is null
at orangehrm.Reports.setUp(Reports.java:43)
... Removed 24 stack frames]]>
    </failure>
  </testcase> <!-- @BeforeTest setUp -->
  <testcase classname="orangehrm.Reports" name="@BeforeMethod loginWithValidCredentials" time="-1.6962135854E9">
    <skipped/>
  </testcase> <!-- @BeforeMethod loginWithValidCredentials -->
  <testcase classname="orangehrm.Reports" name="@AfterMethod logOut" time="-1.696213585405E9">
    <skipped/>
  </testcase> <!-- @AfterMethod logOut -->
  <testcase classname="orangehrm.Reports" name="@BeforeMethod loginWithValidCredentials" time="-1.696213585408E9">
    <skipped/>
  </testcase> <!-- @BeforeMethod loginWithValidCredentials -->
  <testcase classname="orangehrm.Reports" name="@AfterMethod logOut" time="-1.696213585412E9">
    <skipped/>
  </testcase> <!-- @AfterMethod logOut -->
  <testcase classname="orangehrm.Reports" name="@BeforeMethod loginWithValidCredentials" time="-1.696213585414E9">
    <skipped/>
  </testcase> <!-- @BeforeMethod loginWithValidCredentials -->
  <testcase classname="orangehrm.Reports" name="@AfterMethod logOut" time="-1.696213585418E9">
    <skipped/>
  </testcase> <!-- @AfterMethod logOut -->
  <testcase classname="orangehrm.Reports" name="@BeforeMethod loginWithValidCredentials" time="-1.69621358542E9">
    <skipped/>
  </testcase> <!-- @BeforeMethod loginWithValidCredentials -->
  <testcase classname="orangehrm.Reports" name="@AfterMethod logOut" time="-1.696213585426E9">
    <skipped/>
  </testcase> <!-- @AfterMethod logOut -->
  <testcase classname="orangehrm.Reports" name="@AfterTest tearDown" time="-1.696213585428E9">
    <skipped/>
  </testcase> <!-- @AfterTest tearDown -->
  <testcase classname="orangehrm.Reports" name="AddReport" time="0.0">
    <skipped/>
  </testcase> <!-- AddReport -->
  <testcase classname="orangehrm.Reports" name="displayReportDetails" time="0.0">
    <skipped/>
  </testcase> <!-- displayReportDetails -->
  <testcase classname="orangehrm.Reports" name="UpdateReport" time="0.0">
    <skipped/>
  </testcase> <!-- UpdateReport -->
  <testcase classname="orangehrm.Reports" name="deleteReport" time="0.0">
    <skipped/>
  </testcase> <!-- deleteReport -->
</testsuite> <!-- Reports -->
