<?xml version="1.0" encoding="UTF-8"?>
<!-- Generated by org.testng.reporters.JUnitXMLReporter -->
<testsuite ignored="0" hostname="DESKTOP-J58RQGC" failures="0" tests="4" name="Default test" time="4.944" errors="0" timestamp="2023-10-01T13:27:56 IST">
  <testcase classname="orangehrm.Reports" name="@BeforeTest setUp" time="4.82">
    <failure type="java.lang.NullPointerException" message="Cannot invoke &amp;quot;java.util.Properties.getProperty(String)&amp;quot; because &amp;quot;this.properties&amp;quot; is null">
      <![CDATA[java.lang.NullPointerException: Cannot invoke "java.util.Properties.getProperty(String)" because "this.properties" is null
at orangehrm.Reports.setUp(Reports.java:43)
at java.base/jdk.internal.reflect.NativeMethodAccessorImpl.invoke0(Native Method)
at java.base/jdk.internal.reflect.NativeMethodAccessorImpl.invoke(NativeMethodAccessorImpl.java:62)
at java.base/jdk.internal.reflect.DelegatingMethodAccessorImpl.invoke(DelegatingMethodAccessorImpl.java:43)
at java.base/java.lang.reflect.Method.invoke(Method.java:564)
at org.testng.internal.MethodInvocationHelper.invokeMethod(MethodInvocationHelper.java:133)
at org.testng.internal.MethodInvocationHelper.invokeMethodConsideringTimeout(MethodInvocationHelper.java:62)
at org.testng.internal.ConfigInvoker.invokeConfigurationMethod(ConfigInvoker.java:385)
at org.testng.internal.ConfigInvoker.invokeConfigurations(ConfigInvoker.java:321)
at org.testng.TestRunner.invokeTestConfigurations(TestRunner.java:637)
at org.testng.TestRunner.beforeRun(TestRunner.java:627)
at org.testng.TestRunner.run(TestRunner.java:589)
at org.testng.SuiteRunner.runTest(SuiteRunner.java:377)
at org.testng.SuiteRunner.runSequentially(SuiteRunner.java:371)
at org.testng.SuiteRunner.privateRun(SuiteRunner.java:332)
at org.testng.SuiteRunner.run(SuiteRunner.java:276)
at org.testng.SuiteRunnerWorker.runSuite(SuiteRunnerWorker.java:53)
at org.testng.SuiteRunnerWorker.run(SuiteRunnerWorker.java:96)
at org.testng.TestNG.runSuitesSequentially(TestNG.java:1212)
at org.testng.TestNG.runSuitesLocally(TestNG.java:1134)
at org.testng.TestNG.runSuites(TestNG.java:1063)
at org.testng.TestNG.run(TestNG.java:1031)
at org.testng.remote.AbstractRemoteTestNG.run(AbstractRemoteTestNG.java:115)
at org.testng.remote.RemoteTestNG.initAndRun(RemoteTestNG.java:251)
at org.testng.remote.RemoteTestNG.main(RemoteTestNG.java:77)
]]>
    </failure>
  </testcase> <!-- @BeforeTest setUp -->
  <testcase classname="orangehrm.Reports" name="@BeforeMethod loginWithValidCredentials" time="-1.696147076489E9">
    <skipped/>
  </testcase> <!-- @BeforeMethod loginWithValidCredentials -->
  <testcase classname="orangehrm.Reports" name="@AfterMethod logOut" time="-1.696147076497E9">
    <skipped/>
  </testcase> <!-- @AfterMethod logOut -->
  <testcase classname="orangehrm.Reports" name="@BeforeMethod loginWithValidCredentials" time="-1.696147076503E9">
    <skipped/>
  </testcase> <!-- @BeforeMethod loginWithValidCredentials -->
  <testcase classname="orangehrm.Reports" name="@AfterMethod logOut" time="-1.69614707651E9">
    <skipped/>
  </testcase> <!-- @AfterMethod logOut -->
  <testcase classname="orangehrm.Reports" name="@BeforeMethod loginWithValidCredentials" time="-1.696147076513E9">
    <skipped/>
  </testcase> <!-- @BeforeMethod loginWithValidCredentials -->
  <testcase classname="orangehrm.Reports" name="@AfterMethod logOut" time="-1.696147076518E9">
    <skipped/>
  </testcase> <!-- @AfterMethod logOut -->
  <testcase classname="orangehrm.Reports" name="@BeforeMethod loginWithValidCredentials" time="-1.69614707652E9">
    <skipped/>
  </testcase> <!-- @BeforeMethod loginWithValidCredentials -->
  <testcase classname="orangehrm.Reports" name="@AfterMethod logOut" time="-1.696147076525E9">
    <skipped/>
  </testcase> <!-- @AfterMethod logOut -->
  <testcase classname="orangehrm.Reports" name="@AfterTest tearDown" time="-1.696147076528E9">
    <skipped/>
  </testcase> <!-- @AfterTest tearDown -->
  <testcase classname="orangehrm.Reports" name="AddReport" time="0.0">
    <skipped/>
  </testcase> <!-- AddReport -->
  <testcase classname="orangehrm.Reports" name="displayReportDetails" time="0.0">
    <skipped/>
  </testcase> <!-- displayReportDetails -->
  <testcase classname="orangehrm.Reports" name="UpdateReport" time="0.0">
    <skipped/>
  </testcase> <!-- UpdateReport -->
  <testcase classname="orangehrm.Reports" name="deleteReport" time="0.0">
    <skipped/>
  </testcase> <!-- deleteReport -->
</testsuite> <!-- Default test -->
